#
# A fatal error has been detected by the Java Runtime Environment:
#
#  EXCEPTION_ACCESS_VIOLATION (0xc0000005) at pc=0x00007ffd498b28d0, pid=792, tid=2744
#
# JRE version: Java(TM) SE Runtime Environment (17.0.9+11) (build 17.0.9+11-LTS-201)
# Java VM: Java HotSpot(TM) 64-Bit Server VM (17.0.9+11-LTS-201, mixed mode, sharing, tiered, compressed oops, compressed class ptrs, g1 gc, windows-amd64)
# Problematic frame:
# V  [jvm.dll+0x1d28d0]
#
# No core dump will be written. Minidumps are not enabled by default on client versions of Windows
#
# If you would like to submit a bug report, please visit:
#   https://bugreport.java.com/bugreport/crash.jsp
#

---------------  S U M M A R Y ------------

Command Line: -Dclassworlds.conf=C:/workspace/apache-maven-3.9.6/bin/m2.conf -Dmaven.home=C:/workspace/apache-maven-3.9.6 -Dlibrary.jansi.path=C:/workspace/apache-maven-3.9.6/lib/jansi-native -Dmaven.multiModuleProjectDirectory=C:/Users/Usuario/OneDrive/Escritorio/Septimo Semestre/CVDS/Patterns org.codehaus.plexus.classworlds.launcher.Launcher clean install

Host: Intel(R) Core(TM) i5-9400 CPU @ 2.90GHz, 6 cores, 11G,  Windows 10 , 64 bit Build 19041 (10.0.19041.3393)
Time: Fri Feb  9 21:45:08 2024 Hora est. Pacífico, Sudamérica elapsed time: 1.934975 seconds (0d 0h 0m 1s)

---------------  T H R E A D  ---------------

Current thread (0x000002d829f3c160):  JavaThread "C2 CompilerThread0" daemon [_thread_in_vm, id=2744, stack(0x000000ed87600000,0x000000ed87700000)]


Current CompileTask:
C2:   1935 3885 %     4       sun.nio.fs.WindowsPathParser::normalize @ 18 (233 bytes)

Stack: [0x000000ed87600000,0x000000ed87700000],  sp=0x000000ed876fd4f0,  free space=1013k
Native frames: (J=compiled Java code, j=interpreted, Vv=VM code, C=native code)
V  [jvm.dll+0x1d28d0]
V  [jvm.dll+0x1d17c0]
V  [jvm.dll+0x1cc2b0]
V  [jvm.dll+0x216c5c]
V  [jvm.dll+0x1a3bc0]
V  [jvm.dll+0x2272de]
V  [jvm.dll+0x22548b]
V  [jvm.dll+0x78f58c]
V  [jvm.dll+0x78998a]
V  [jvm.dll+0x677875]
C  [ucrtbase.dll+0x21bb2]
C  [KERNEL32.DLL+0x17344]
C  [ntdll.dll+0x526b1]


siginfo: EXCEPTION_ACCESS_VIOLATION (0xc0000005), reading address 0x0000000040000098


Register to memory mapping:

RIP=0x00007ffd498b28d0 jvm.dll
RAX=0x000002d86b208320 is pointing into metadata
RBX=0x000002d829f3c7e0 points into unknown readable memory: 0x00007ffd49fb9118 | 18 91 fb 49 fd 7f 00 00
RCX=0x000002d829f3c7f0 points into unknown readable memory: 0x00007ffd49fb8988 | 88 89 fb 49 fd 7f 00 00
RDX=0x000002d829f3c7f0 points into unknown readable memory: 0x00007ffd49fb8988 | 88 89 fb 49 fd 7f 00 00
RSP=0x000000ed876fd4f0 is pointing into the stack for thread: 0x000002d829f3c160
RBP=0x0000000000000002 is an unknown value
RSI=0x0 is NULL
RDI=0x0 is NULL
R8 =0x00007ffd49fb9118 jvm.dll
R9 =0x000002d86f1cd240 points into unknown readable memory: 0x0000000000010005 | 05 00 01 00 00 00 00 00
R10=0x000002d829f2f0f0 points into unknown readable memory: 0x0000001e00000002 | 02 00 00 00 1e 00 00 00
R11={method} {0x000002d82a214ae0} 'normalize' '(Ljava/lang/StringBuilder;Ljava/lang/String;I)Ljava/lang/String;' in 'sun/nio/fs/WindowsPathParser'
R12=0x000002d829f3c7f0 points into unknown readable memory: 0x00007ffd49fb8988 | 88 89 fb 49 fd 7f 00 00
R13=0x000002d86f36ccc8 points into unknown readable memory: 0x000002d829de0330 | 30 03 de 29 d8 02 00 00
R14=0x0000000000000010 is an unknown value
R15=0x0000000040000000 is an unknown value


Registers:
RAX=0x000002d86b208320, RBX=0x000002d829f3c7e0, RCX=0x000002d829f3c7f0, RDX=0x000002d829f3c7f0
RSP=0x000000ed876fd4f0, RBP=0x0000000000000002, RSI=0x0000000000000000, RDI=0x0000000000000000
R8 =0x00007ffd49fb9118, R9 =0x000002d86f1cd240, R10=0x000002d829f2f0f0, R11=0x000002d82a214ad8
R12=0x000002d829f3c7f0, R13=0x000002d86f36ccc8, R14=0x0000000000000010, R15=0x0000000040000000
RIP=0x00007ffd498b28d0, EFLAGS=0x0000000000010206

Top of Stack: (sp=0x000000ed876fd4f0)
0x000000ed876fd4f0:   000002d86f173678 0000000000000000
0x000000ed876fd500:   000002d86b2080e0 00007ffd49d1230e
0x000000ed876fd510:   000002d829f3c7f0 000002d829f3c680
0x000000ed876fd520:   000002d86b2080e0 000002d86f1cc980
0x000000ed876fd530:   0000000000000100 00007ffd498b17c0
0x000000ed876fd540:   000002d829f2c3f0 000002d829f3c6c0
0x000000ed876fd550:   000002d829f3c7e0 000002d829f3c160
0x000000ed876fd560:   0000000000000001 000000ed876fe6b0
0x000000ed876fd570:   000002d807db7710 0000000000000000
0x000000ed876fd580:   0000000000000050 000002d86f1cc820
0x000000ed876fd590:   000002d829de0330 00007ffd498ac2b0
0x000000ed876fd5a0:   000002d829f3ca68 00000000000003d8
0x000000ed876fd5b0:   000000ed876fe6b0 000002d829f3c160
0x000000ed876fd5c0:   0000000000000006 00007ffd4978a741
0x000000ed876fd5d0:   000002d82a214ad8 000002d829f3c160
0x000000ed876fd5e0:   000000ed876fe6b0 0000000000000002 

Instructions: (pc=0x00007ffd498b28d0)
0x00007ffd498b27d0:   8b f9 48 83 e7 fc 74 5a 65 48 8b 04 25 58 00 00
0x00007ffd498b27e0:   00 8b 0d 11 6a 97 00 48 89 74 24 30 48 8b 34 c8
0x00007ffd498b27f0:   b8 50 00 00 00 80 3c 30 00 75 05 e8 9c 41 66 00
0x00007ffd498b2800:   b8 20 00 00 00 48 8b d7 48 8b 04 30 48 8b 88 d8
0x00007ffd498b2810:   04 00 00 48 8b 49 38 e8 14 29 00 00 48 8b 74 24
0x00007ffd498b2820:   30 83 e3 03 48 0b c3 48 8b 5c 24 38 48 83 c4 20
0x00007ffd498b2830:   5f c3 83 e3 03 8b c3 48 8b 5c 24 38 48 83 c4 20
0x00007ffd498b2840:   5f c3 cc cc cc cc cc cc cc cc cc cc cc cc cc cc
0x00007ffd498b2850:   40 53 56 57 41 54 48 83 ec 28 33 f6 4c 8b e2 39
0x00007ffd498b2860:   35 0b 13 8d 00 48 8b d9 8b fe 0f 86 13 01 00 00
0x00007ffd498b2870:   8b 0d 82 69 97 00 65 48 8b 04 25 58 00 00 00 48
0x00007ffd498b2880:   89 6c 24 50 8d 6e 02 4c 89 6c 24 58 4c 89 74 24
0x00007ffd498b2890:   60 4c 8d 2c c8 4c 89 7c 24 20 66 0f 1f 44 00 00
0x00007ffd498b28a0:   49 8b 04 24 49 8b cc ff 50 20 84 c0 48 8b ce 48
0x00007ffd498b28b0:   63 c5 49 0f 45 cc 4c 8d 34 c5 00 00 00 00 48 8b
0x00007ffd498b28c0:   41 08 4e 8b 7c 30 08 4d 85 ff 0f 84 85 00 00 00
0x00007ffd498b28d0:   49 8b 8f 98 00 00 00 e8 04 1b 02 00 84 c0 74 3d
0x00007ffd498b28e0:   49 8b 75 00 b8 50 00 00 00 80 3c 30 00 75 05 e8
0x00007ffd498b28f0:   a8 40 66 00 b8 20 00 00 00 49 8b d7 48 8b 0c 30
0x00007ffd498b2900:   48 8b 89 d8 04 00 00 48 8b 49 38 e8 20 28 00 00
0x00007ffd498b2910:   48 8b 4b 08 33 f6 4a 89 44 31 08 eb 41 48 8b 43
0x00007ffd498b2920:   08 48 89 70 08 48 63 c7 48 8d 0c 00 48 8b 43 08
0x00007ffd498b2930:   48 89 74 c8 18 48 8b 43 08 48 89 74 c8 20 48 8b
0x00007ffd498b2940:   cb 48 8b 03 ff 50 28 84 c0 75 13 48 8b 43 08 48
0x00007ffd498b2950:   89 70 10 eb 09 48 8b 43 08 4a 89 74 30 08 ff c7
0x00007ffd498b2960:   83 c5 02 3b 3d 07 12 8d 00 0f 82 31 ff ff ff 4c
0x00007ffd498b2970:   8b 7c 24 20 4c 8b 74 24 60 4c 8b 6c 24 58 48 8b
0x00007ffd498b2980:   6c 24 50 48 83 c4 28 41 5c 5f 5e 5b c3 cc cc cc
0x00007ffd498b2990:   48 89 5c 24 08 57 48 83 ec 20 4c 63 42 08 48 8b
0x00007ffd498b29a0:   f9 48 8b 02 48 8b 50 08 4a 8b 5c c2 08 48 8b cb
0x00007ffd498b29b0:   48 83 e1 fc 74 2e 48 8b 89 98 00 00 00 e8 1e 1a
0x00007ffd498b29c0:   02 00 84 c0 75 1e 48 8b 07 83 e3 03 48 63 57 08 


Stack slot to memory mapping:
stack at sp + 0 slots: 0x000002d86f173678 points into unknown readable memory: 0x0000010000000081 | 81 00 00 00 00 01 00 00
stack at sp + 1 slots: 0x0 is NULL
stack at sp + 2 slots: 0x000002d86b2080e0 is pointing into metadata
stack at sp + 3 slots: 0x00007ffd49d1230e jvm.dll
stack at sp + 4 slots: 0x000002d829f3c7f0 points into unknown readable memory: 0x00007ffd49fb8988 | 88 89 fb 49 fd 7f 00 00
stack at sp + 5 slots: 0x000002d829f3c680 points into unknown readable memory: 0x0000000000000000 | 00 00 00 00 00 00 00 00
stack at sp + 6 slots: 0x000002d86b2080e0 is pointing into metadata
stack at sp + 7 slots: 0x000002d86f1cc980 points into unknown readable memory: 0x00007ffd49fb9578 | 78 95 fb 49 fd 7f 00 00


---------------  P R O C E S S  ---------------

Threads class SMR info:
_java_thread_list=0x000002d86f9a8f30, length=13, elements={
0x000002d807ce4d30, 0x000002d829f201f0, 0x000002d829f211b0, 0x000002d829f34d50,
0x000002d829f37820, 0x000002d829f381e0, 0x000002d829f3abb0, 0x000002d829f3c160,
0x000002d829f3dc20, 0x000002d829f3e620, 0x000002d86f200610, 0x000002d86f204b60,
0x000002d86f769b90
}

Java Threads: ( => current thread )
  0x000002d807ce4d30 JavaThread "main" [_thread_in_native, id=5484, stack(0x000000ed86900000,0x000000ed86a00000)]
  0x000002d829f201f0 JavaThread "Reference Handler" daemon [_thread_blocked, id=11928, stack(0x000000ed87000000,0x000000ed87100000)]
  0x000002d829f211b0 JavaThread "Finalizer" daemon [_thread_blocked, id=12648, stack(0x000000ed87100000,0x000000ed87200000)]
  0x000002d829f34d50 JavaThread "Signal Dispatcher" daemon [_thread_blocked, id=10848, stack(0x000000ed87200000,0x000000ed87300000)]
  0x000002d829f37820 JavaThread "Attach Listener" daemon [_thread_blocked, id=8344, stack(0x000000ed87300000,0x000000ed87400000)]
  0x000002d829f381e0 JavaThread "Service Thread" daemon [_thread_blocked, id=4800, stack(0x000000ed87400000,0x000000ed87500000)]
  0x000002d829f3abb0 JavaThread "Monitor Deflation Thread" daemon [_thread_blocked, id=6736, stack(0x000000ed87500000,0x000000ed87600000)]
=>0x000002d829f3c160 JavaThread "C2 CompilerThread0" daemon [_thread_in_vm, id=2744, stack(0x000000ed87600000,0x000000ed87700000)]
  0x000002d829f3dc20 JavaThread "C1 CompilerThread0" daemon [_thread_blocked, id=7112, stack(0x000000ed87700000,0x000000ed87800000)]
  0x000002d829f3e620 JavaThread "Sweeper thread" daemon [_thread_blocked, id=6064, stack(0x000000ed87800000,0x000000ed87900000)]
  0x000002d86f200610 JavaThread "Notification Thread" daemon [_thread_blocked, id=10768, stack(0x000000ed87900000,0x000000ed87a00000)]
  0x000002d86f204b60 JavaThread "Common-Cleaner" daemon [_thread_blocked, id=7760, stack(0x000000ed87b00000,0x000000ed87c00000)]
  0x000002d86f769b90 JavaThread "C2 CompilerThread1" daemon [_thread_in_vm, id=5960, stack(0x000000ed87c00000,0x000000ed87d00000)]

Other Threads:
  0x000002d829f1ae10 VMThread "VM Thread" [stack: 0x000000ed86f00000,0x000000ed87000000] [id=3420]
  0x000002d807d59d90 WatcherThread [stack: 0x000000ed87a00000,0x000000ed87b00000] [id=11540]
  0x000002d807d3b5a0 GCTaskThread "GC Thread#0" [stack: 0x000000ed86a00000,0x000000ed86b00000] [id=4100]
  0x000002d86f36e670 GCTaskThread "GC Thread#1" [stack: 0x000000ed87d00000,0x000000ed87e00000] [id=9088]
  0x000002d86fe91a50 GCTaskThread "GC Thread#2" [stack: 0x000000ed87e00000,0x000000ed87f00000] [id=9012]
  0x000002d86fa1ebb0 GCTaskThread "GC Thread#3" [stack: 0x000000ed87f00000,0x000000ed88000000] [id=7708]
  0x000002d86fa1e0b0 GCTaskThread "GC Thread#4" [stack: 0x000000ed88000000,0x000000ed88100000] [id=4584]
  0x000002d86fa1ee70 GCTaskThread "GC Thread#5" [stack: 0x000000ed88100000,0x000000ed88200000] [id=4948]
  0x000002d807d49300 ConcurrentGCThread "G1 Main Marker" [stack: 0x000000ed86b00000,0x000000ed86c00000] [id=9312]
  0x000002d807d4ad20 ConcurrentGCThread "G1 Conc#0" [stack: 0x000000ed86c00000,0x000000ed86d00000] [id=9080]
  0x000002d807db8710 ConcurrentGCThread "G1 Refine#0" [stack: 0x000000ed86d00000,0x000000ed86e00000] [id=10432]
  0x000002d807db9140 ConcurrentGCThread "G1 Service" [stack: 0x000000ed86e00000,0x000000ed86f00000] [id=7480]

Threads with active compile tasks:
C2 CompilerThread0     1955 3885 %     4       sun.nio.fs.WindowsPathParser::normalize @ 18 (233 bytes)
C2 CompilerThread1     1955 3924   !   4       java.util.zip.ZipFile::getEntry (59 bytes)

VM state: not at safepoint (normal execution)

VM Mutex/Monitor currently owned by a thread: None

Heap address: 0x0000000742000000, size: 3040 MB, Compressed Oops mode: Zero based, Oop shift amount: 3

CDS archive(s) mapped at: [0x000002d82a000000-0x000002d82abd0000-0x000002d82abd0000), size 12386304, SharedBaseAddress: 0x000002d82a000000, ArchiveRelocationMode: 1.
Compressed class space mapped at: 0x000002d82b000000-0x000002d86b000000, reserved size: 1073741824
Narrow klass base: 0x000002d82a000000, Narrow klass shift: 0, Narrow klass range: 0x100000000

GC Precious Log:
 CPUs: 6 total, 6 available
 Memory: 12158M
 Large Page Support: Disabled
 NUMA Support: Disabled
 Compressed Oops: Enabled (Zero based)
 Heap Region Size: 2M
 Heap Min Capacity: 8M
 Heap Initial Capacity: 190M
 Heap Max Capacity: 3040M
 Pre-touch: Disabled
 Parallel Workers: 6
 Concurrent Workers: 2
 Concurrent Refinement Workers: 6
 Periodic GC: Disabled

Heap:
 garbage-first heap   total 194560K, used 90776K [0x0000000742000000, 0x0000000800000000)
  region size 2048K, 44 young (90112K), 1 survivors (2048K)
 Metaspace       used 16684K, committed 16960K, reserved 1114112K
  class space    used 1973K, committed 2112K, reserved 1048576K

Heap Regions: E=young(eden), S=young(survivor), O=old, HS=humongous(starts), HC=humongous(continues), CS=collection set, F=free, OA=open archive, CA=closed archive, TAMS=top-at-mark-start (previous, next)
|   0|0x0000000742000000, 0x0000000742200000, 0x0000000742200000|100%| O|  |TAMS 0x0000000742000000, 0x0000000742000000| Untracked 
|   1|0x0000000742200000, 0x0000000742379c00, 0x0000000742400000| 73%| O|  |TAMS 0x0000000742200000, 0x0000000742200000| Untracked 
|   2|0x0000000742400000, 0x0000000742400000, 0x0000000742600000|  0%| F|  |TAMS 0x0000000742400000, 0x0000000742400000| Untracked 
|   3|0x0000000742600000, 0x0000000742600000, 0x0000000742800000|  0%| F|  |TAMS 0x0000000742600000, 0x0000000742600000| Untracked 
|   4|0x0000000742800000, 0x0000000742800000, 0x0000000742a00000|  0%| F|  |TAMS 0x0000000742800000, 0x0000000742800000| Untracked 
|   5|0x0000000742a00000, 0x0000000742a00000, 0x0000000742c00000|  0%| F|  |TAMS 0x0000000742a00000, 0x0000000742a00000| Untracked 
|   6|0x0000000742c00000, 0x0000000742c00000, 0x0000000742e00000|  0%| F|  |TAMS 0x0000000742c00000, 0x0000000742c00000| Untracked 
|   7|0x0000000742e00000, 0x0000000742e00000, 0x0000000743000000|  0%| F|  |TAMS 0x0000000742e00000, 0x0000000742e00000| Untracked 
|   8|0x0000000743000000, 0x0000000743000000, 0x0000000743200000|  0%| F|  |TAMS 0x0000000743000000, 0x0000000743000000| Untracked 
|   9|0x0000000743200000, 0x0000000743200000, 0x0000000743400000|  0%| F|  |TAMS 0x0000000743200000, 0x0000000743200000| Untracked 
|  10|0x0000000743400000, 0x0000000743400000, 0x0000000743600000|  0%| F|  |TAMS 0x0000000743400000, 0x0000000743400000| Untracked 
|  11|0x0000000743600000, 0x0000000743600000, 0x0000000743800000|  0%| F|  |TAMS 0x0000000743600000, 0x0000000743600000| Untracked 
|  12|0x0000000743800000, 0x0000000743800000, 0x0000000743a00000|  0%| F|  |TAMS 0x0000000743800000, 0x0000000743800000| Untracked 
|  13|0x0000000743a00000, 0x0000000743a00000, 0x0000000743c00000|  0%| F|  |TAMS 0x0000000743a00000, 0x0000000743a00000| Untracked 
|  14|0x0000000743c00000, 0x0000000743c00000, 0x0000000743e00000|  0%| F|  |TAMS 0x0000000743c00000, 0x0000000743c00000| Untracked 
|  15|0x0000000743e00000, 0x0000000743e00000, 0x0000000744000000|  0%| F|  |TAMS 0x0000000743e00000, 0x0000000743e00000| Untracked 
|  16|0x0000000744000000, 0x0000000744000000, 0x0000000744200000|  0%| F|  |TAMS 0x0000000744000000, 0x0000000744000000| Untracked 
|  17|0x0000000744200000, 0x0000000744200000, 0x0000000744400000|  0%| F|  |TAMS 0x0000000744200000, 0x0000000744200000| Untracked 
|  18|0x0000000744400000, 0x0000000744400000, 0x0000000744600000|  0%| F|  |TAMS 0x0000000744400000, 0x0000000744400000| Untracked 
|  19|0x0000000744600000, 0x0000000744600000, 0x0000000744800000|  0%| F|  |TAMS 0x0000000744600000, 0x0000000744600000| Untracked 
|  20|0x0000000744800000, 0x0000000744800000, 0x0000000744a00000|  0%| F|  |TAMS 0x0000000744800000, 0x0000000744800000| Untracked 
|  21|0x0000000744a00000, 0x0000000744a00000, 0x0000000744c00000|  0%| F|  |TAMS 0x0000000744a00000, 0x0000000744a00000| Untracked 
|  22|0x0000000744c00000, 0x0000000744c00000, 0x0000000744e00000|  0%| F|  |TAMS 0x0000000744c00000, 0x0000000744c00000| Untracked 
|  23|0x0000000744e00000, 0x0000000744e00000, 0x0000000745000000|  0%| F|  |TAMS 0x0000000744e00000, 0x0000000744e00000| Untracked 
|  24|0x0000000745000000, 0x0000000745000000, 0x0000000745200000|  0%| F|  |TAMS 0x0000000745000000, 0x0000000745000000| Untracked 
|  25|0x0000000745200000, 0x0000000745200000, 0x0000000745400000|  0%| F|  |TAMS 0x0000000745200000, 0x0000000745200000| Untracked 
|  26|0x0000000745400000, 0x0000000745400000, 0x0000000745600000|  0%| F|  |TAMS 0x0000000745400000, 0x0000000745400000| Untracked 
|  27|0x0000000745600000, 0x0000000745600000, 0x0000000745800000|  0%| F|  |TAMS 0x0000000745600000, 0x0000000745600000| Untracked 
|  28|0x0000000745800000, 0x0000000745800000, 0x0000000745a00000|  0%| F|  |TAMS 0x0000000745800000, 0x0000000745800000| Untracked 
|  29|0x0000000745a00000, 0x0000000745a00000, 0x0000000745c00000|  0%| F|  |TAMS 0x0000000745a00000, 0x0000000745a00000| Untracked 
|  30|0x0000000745c00000, 0x0000000745c00000, 0x0000000745e00000|  0%| F|  |TAMS 0x0000000745c00000, 0x0000000745c00000| Untracked 
|  31|0x0000000745e00000, 0x0000000745e00000, 0x0000000746000000|  0%| F|  |TAMS 0x0000000745e00000, 0x0000000745e00000| Untracked 
|  32|0x0000000746000000, 0x0000000746000000, 0x0000000746200000|  0%| F|  |TAMS 0x0000000746000000, 0x0000000746000000| Untracked 
|  33|0x0000000746200000, 0x0000000746200000, 0x0000000746400000|  0%| F|  |TAMS 0x0000000746200000, 0x0000000746200000| Untracked 
|  34|0x0000000746400000, 0x0000000746400000, 0x0000000746600000|  0%| F|  |TAMS 0x0000000746400000, 0x0000000746400000| Untracked 
|  35|0x0000000746600000, 0x0000000746600000, 0x0000000746800000|  0%| F|  |TAMS 0x0000000746600000, 0x0000000746600000| Untracked 
|  36|0x0000000746800000, 0x0000000746800000, 0x0000000746a00000|  0%| F|  |TAMS 0x0000000746800000, 0x0000000746800000| Untracked 
|  37|0x0000000746a00000, 0x0000000746a00000, 0x0000000746c00000|  0%| F|  |TAMS 0x0000000746a00000, 0x0000000746a00000| Untracked 
|  38|0x0000000746c00000, 0x0000000746c00000, 0x0000000746e00000|  0%| F|  |TAMS 0x0000000746c00000, 0x0000000746c00000| Untracked 
|  39|0x0000000746e00000, 0x0000000746e00000, 0x0000000747000000|  0%| F|  |TAMS 0x0000000746e00000, 0x0000000746e00000| Untracked 
|  40|0x0000000747000000, 0x0000000747000000, 0x0000000747200000|  0%| F|  |TAMS 0x0000000747000000, 0x0000000747000000| Untracked 
|  41|0x0000000747200000, 0x0000000747200000, 0x0000000747400000|  0%| F|  |TAMS 0x0000000747200000, 0x0000000747200000| Untracked 
|  42|0x0000000747400000, 0x0000000747400000, 0x0000000747600000|  0%| F|  |TAMS 0x0000000747400000, 0x0000000747400000| Untracked 
|  43|0x0000000747600000, 0x0000000747600000, 0x0000000747800000|  0%| F|  |TAMS 0x0000000747600000, 0x0000000747600000| Untracked 
|  44|0x0000000747800000, 0x0000000747800000, 0x0000000747a00000|  0%| F|  |TAMS 0x0000000747800000, 0x0000000747800000| Untracked 
|  45|0x0000000747a00000, 0x0000000747a00000, 0x0000000747c00000|  0%| F|  |TAMS 0x0000000747a00000, 0x0000000747a00000| Untracked 
|  46|0x0000000747c00000, 0x0000000747c00000, 0x0000000747e00000|  0%| F|  |TAMS 0x0000000747c00000, 0x0000000747c00000| Untracked 
|  47|0x0000000747e00000, 0x0000000747e00000, 0x0000000748000000|  0%| F|  |TAMS 0x0000000747e00000, 0x0000000747e00000| Untracked 
|  48|0x0000000748000000, 0x0000000748000000, 0x0000000748200000|  0%| F|  |TAMS 0x0000000748000000, 0x0000000748000000| Untracked 
|  49|0x0000000748200000, 0x0000000748200000, 0x0000000748400000|  0%| F|  |TAMS 0x0000000748200000, 0x0000000748200000| Untracked 
|  50|0x0000000748400000, 0x0000000748400000, 0x0000000748600000|  0%| F|  |TAMS 0x0000000748400000, 0x0000000748400000| Untracked 
|  51|0x0000000748600000, 0x0000000748800000, 0x0000000748800000|100%| E|  |TAMS 0x0000000748600000, 0x0000000748600000| Complete 
|  52|0x0000000748800000, 0x0000000748a00000, 0x0000000748a00000|100%| E|CS|TAMS 0x0000000748800000, 0x0000000748800000| Complete 
|  53|0x0000000748a00000, 0x0000000748c00000, 0x0000000748c00000|100%| E|CS|TAMS 0x0000000748a00000, 0x0000000748a00000| Complete 
|  54|0x0000000748c00000, 0x0000000748e00000, 0x0000000748e00000|100%| E|CS|TAMS 0x0000000748c00000, 0x0000000748c00000| Complete 
|  55|0x0000000748e00000, 0x0000000749000000, 0x0000000749000000|100%| E|CS|TAMS 0x0000000748e00000, 0x0000000748e00000| Complete 
|  56|0x0000000749000000, 0x0000000749200000, 0x0000000749200000|100%| E|CS|TAMS 0x0000000749000000, 0x0000000749000000| Complete 
|  57|0x0000000749200000, 0x0000000749400000, 0x0000000749400000|100%| E|CS|TAMS 0x0000000749200000, 0x0000000749200000| Complete 
|  58|0x0000000749400000, 0x0000000749600000, 0x0000000749600000|100%| E|CS|TAMS 0x0000000749400000, 0x0000000749400000| Complete 
|  59|0x0000000749600000, 0x0000000749800000, 0x0000000749800000|100%| E|CS|TAMS 0x0000000749600000, 0x0000000749600000| Complete 
|  60|0x0000000749800000, 0x0000000749a00000, 0x0000000749a00000|100%| E|CS|TAMS 0x0000000749800000, 0x0000000749800000| Complete 
|  61|0x0000000749a00000, 0x0000000749c00000, 0x0000000749c00000|100%| E|CS|TAMS 0x0000000749a00000, 0x0000000749a00000| Complete 
|  62|0x0000000749c00000, 0x0000000749e00000, 0x0000000749e00000|100%| E|CS|TAMS 0x0000000749c00000, 0x0000000749c00000| Complete 
|  63|0x0000000749e00000, 0x000000074a000000, 0x000000074a000000|100%| E|CS|TAMS 0x0000000749e00000, 0x0000000749e00000| Complete 
|  64|0x000000074a000000, 0x000000074a200000, 0x000000074a200000|100%| E|CS|TAMS 0x000000074a000000, 0x000000074a000000| Complete 
|  65|0x000000074a200000, 0x000000074a400000, 0x000000074a400000|100%| E|CS|TAMS 0x000000074a200000, 0x000000074a200000| Complete 
|  66|0x000000074a400000, 0x000000074a600000, 0x000000074a600000|100%| E|CS|TAMS 0x000000074a400000, 0x000000074a400000| Complete 
|  67|0x000000074a600000, 0x000000074a800000, 0x000000074a800000|100%| E|CS|TAMS 0x000000074a600000, 0x000000074a600000| Complete 
|  68|0x000000074a800000, 0x000000074aa00000, 0x000000074aa00000|100%| E|CS|TAMS 0x000000074a800000, 0x000000074a800000| Complete 
|  69|0x000000074aa00000, 0x000000074ac00000, 0x000000074ac00000|100%| E|CS|TAMS 0x000000074aa00000, 0x000000074aa00000| Complete 
|  70|0x000000074ac00000, 0x000000074ae00000, 0x000000074ae00000|100%| E|CS|TAMS 0x000000074ac00000, 0x000000074ac00000| Complete 
|  71|0x000000074ae00000, 0x000000074b000000, 0x000000074b000000|100%| E|CS|TAMS 0x000000074ae00000, 0x000000074ae00000| Complete 
|  72|0x000000074b000000, 0x000000074b200000, 0x000000074b200000|100%| E|CS|TAMS 0x000000074b000000, 0x000000074b000000| Complete 
|  73|0x000000074b200000, 0x000000074b400000, 0x000000074b400000|100%| E|CS|TAMS 0x000000074b200000, 0x000000074b200000| Complete 
|  74|0x000000074b400000, 0x000000074b600000, 0x000000074b600000|100%| E|CS|TAMS 0x000000074b400000, 0x000000074b400000| Complete 
|  75|0x000000074b600000, 0x000000074b800000, 0x000000074b800000|100%| E|CS|TAMS 0x000000074b600000, 0x000000074b600000| Complete 
|  76|0x000000074b800000, 0x000000074ba00000, 0x000000074ba00000|100%| E|CS|TAMS 0x000000074b800000, 0x000000074b800000| Complete 
|  77|0x000000074ba00000, 0x000000074bc00000, 0x000000074bc00000|100%| E|CS|TAMS 0x000000074ba00000, 0x000000074ba00000| Complete 
|  78|0x000000074bc00000, 0x000000074be00000, 0x000000074be00000|100%| E|CS|TAMS 0x000000074bc00000, 0x000000074bc00000| Complete 
|  79|0x000000074be00000, 0x000000074c000000, 0x000000074c000000|100%| E|CS|TAMS 0x000000074be00000, 0x000000074be00000| Complete 
|  80|0x000000074c000000, 0x000000074c12c640, 0x000000074c200000| 58%| S|CS|TAMS 0x000000074c000000, 0x000000074c000000| Complete 
|  81|0x000000074c200000, 0x000000074c400000, 0x000000074c400000|100%| E|CS|TAMS 0x000000074c200000, 0x000000074c200000| Complete 
|  82|0x000000074c400000, 0x000000074c600000, 0x000000074c600000|100%| E|CS|TAMS 0x000000074c400000, 0x000000074c400000| Complete 
|  83|0x000000074c600000, 0x000000074c800000, 0x000000074c800000|100%| E|CS|TAMS 0x000000074c600000, 0x000000074c600000| Complete 
|  84|0x000000074c800000, 0x000000074ca00000, 0x000000074ca00000|100%| E|CS|TAMS 0x000000074c800000, 0x000000074c800000| Complete 
|  85|0x000000074ca00000, 0x000000074cc00000, 0x000000074cc00000|100%| E|CS|TAMS 0x000000074ca00000, 0x000000074ca00000| Complete 
|  86|0x000000074cc00000, 0x000000074ce00000, 0x000000074ce00000|100%| E|CS|TAMS 0x000000074cc00000, 0x000000074cc00000| Complete 
|  87|0x000000074ce00000, 0x000000074d000000, 0x000000074d000000|100%| E|CS|TAMS 0x000000074ce00000, 0x000000074ce00000| Complete 
|  88|0x000000074d000000, 0x000000074d200000, 0x000000074d200000|100%| E|CS|TAMS 0x000000074d000000, 0x000000074d000000| Complete 
|  89|0x000000074d200000, 0x000000074d400000, 0x000000074d400000|100%| E|CS|TAMS 0x000000074d200000, 0x000000074d200000| Complete 
|  90|0x000000074d400000, 0x000000074d600000, 0x000000074d600000|100%| E|CS|TAMS 0x000000074d400000, 0x000000074d400000| Complete 
|  91|0x000000074d600000, 0x000000074d800000, 0x000000074d800000|100%| E|CS|TAMS 0x000000074d600000, 0x000000074d600000| Complete 
|  92|0x000000074d800000, 0x000000074da00000, 0x000000074da00000|100%| E|CS|TAMS 0x000000074d800000, 0x000000074d800000| Complete 
|  93|0x000000074da00000, 0x000000074dc00000, 0x000000074dc00000|100%| E|CS|TAMS 0x000000074da00000, 0x000000074da00000| Complete 
|  94|0x000000074dc00000, 0x000000074de00000, 0x000000074de00000|100%| E|CS|TAMS 0x000000074dc00000, 0x000000074dc00000| Complete 

Card table byte_map: [0x000002d820bf0000,0x000002d8211e0000] _byte_map_base: 0x000002d81d1e0000

Marking Bits (Prev, Next): (CMBitMap*) 0x000002d807d3bbc0, (CMBitMap*) 0x000002d807d3bc00
 Prev Bits: [0x000002d8217d0000, 0x000002d824750000)
 Next Bits: [0x000002d824750000, 0x000002d8276d0000)

Polling page: 0x000002d807dc0000

Metaspace:

Usage:
  Non-class:     14.41 MB used.
      Class:      1.93 MB used.
       Both:     16.34 MB used.

Virtual space:
  Non-class space:       64.00 MB reserved,      14.56 MB ( 23%) committed,  1 nodes.
      Class space:        1.00 GB reserved,       2.06 MB ( <1%) committed,  1 nodes.
             Both:        1.06 GB reserved,      16.62 MB (  2%) committed. 

Chunk freelists:
   Non-Class:  992.00 KB
       Class:  13.84 MB
        Both:  14.80 MB

MaxMetaspaceSize: unlimited
CompressedClassSpaceSize: 1.00 GB
Initial GC threshold: 21.00 MB
Current GC threshold: 21.00 MB
CDS: on
MetaspaceReclaimPolicy: balanced
 - commit_granule_bytes: 65536.
 - commit_granule_words: 8192.
 - virtual_space_node_default_size: 8388608.
 - enlarge_chunks_in_place: 1.
 - new_chunks_are_fully_committed: 0.
 - uncommit_free_chunks: 1.
 - use_allocation_guard: 0.
 - handle_deallocations: 1.


Internal statistics:

num_allocs_failed_limit: 0.
num_arena_births: 106.
num_arena_deaths: 0.
num_vsnodes_births: 2.
num_vsnodes_deaths: 0.
num_space_committed: 266.
num_space_uncommitted: 0.
num_chunks_returned_to_freelist: 0.
num_chunks_taken_from_freelist: 707.
num_chunk_merges: 0.
num_chunk_splits: 485.
num_chunks_enlarged: 388.
num_inconsistent_stats: 0.

CodeHeap 'non-profiled nmethods': size=120000Kb used=1907Kb max_used=1907Kb free=118092Kb
 bounds [0x000002d818880000, 0x000002d818af0000, 0x000002d81fdb0000]
CodeHeap 'profiled nmethods': size=120000Kb used=7939Kb max_used=7939Kb free=112060Kb
 bounds [0x000002d810db0000, 0x000002d811580000, 0x000002d8182e0000]
CodeHeap 'non-nmethods': size=5760Kb used=1184Kb max_used=1236Kb free=4575Kb
 bounds [0x000002d8182e0000, 0x000002d818550000, 0x000002d818880000]
 total_blobs=4400 nmethods=3923 adapters=389
 compilation: enabled
              stopped_count=0, restarted_count=0
 full_count=0

Compilation events (20 events):
Event: 1.902 Thread 0x000002d829f3dc20 nmethod 3896 0x000002d811560390 code [0x000002d811560560, 0x000002d811560978]
Event: 1.902 Thread 0x000002d829f3dc20 3898       3       org.eclipse.sisu.inject.RankedSequence::rank2uid (15 bytes)
Event: 1.902 Thread 0x000002d829f3dc20 nmethod 3898 0x000002d811560a90 code [0x000002d811560c20, 0x000002d811560d38]
Event: 1.902 Thread 0x000002d829f3dc20 3900  s    3       java.io.ByteArrayOutputStream::reset (6 bytes)
Event: 1.902 Thread 0x000002d829f3dc20 nmethod 3900 0x000002d811560e10 code [0x000002d811560fa0, 0x000002d811561158]
Event: 1.904 Thread 0x000002d86f769b90 nmethod 3899 0x000002d818a59810 code [0x000002d818a599a0, 0x000002d818a59cf8]
Event: 1.905 Thread 0x000002d86f769b90 3901       4       java.lang.reflect.Method::isBridge (16 bytes)
Event: 1.905 Thread 0x000002d829f3dc20 3903       3       com.google.inject.internal.ProviderMethodsModule::getAnnotation (105 bytes)
Event: 1.906 Thread 0x000002d86f769b90 nmethod 3901 0x000002d818a59e90 code [0x000002d818a5a000, 0x000002d818a5a098]
Event: 1.906 Thread 0x000002d86f769b90 3902       4       java.lang.reflect.Method::isSynthetic (5 bytes)
Event: 1.906 Thread 0x000002d86f769b90 nmethod 3902 0x000002d818a5a190 code [0x000002d818a5a300, 0x000002d818a5a398]
Event: 1.906 Thread 0x000002d829f3dc20 nmethod 3903 0x000002d811561210 code [0x000002d811561520, 0x000002d811562ad8]
Event: 1.906 Thread 0x000002d829f3dc20 3904       3       java.lang.StackTraceElement::of (68 bytes)
Event: 1.906 Thread 0x000002d829f3dc20 nmethod 3904 0x000002d811563190 code [0x000002d811563380, 0x000002d8115639d8]
Event: 1.906 Thread 0x000002d829f3dc20 3905       3       java.util.zip.ZipFile::getEntryName (42 bytes)
Event: 1.906 Thread 0x000002d829f3dc20 nmethod 3905 0x000002d811563c10 code [0x000002d811563de0, 0x000002d811564158]
Event: 1.906 Thread 0x000002d829f3dc20 3906   !   3       java.util.jar.JarFile::getBytes (218 bytes)
Event: 1.907 Thread 0x000002d829f3dc20 nmethod 3906 0x000002d811564390 code [0x000002d811564780, 0x000002d811565f78]
Event: 1.916 Thread 0x000002d829f3dc20 3907       3       java.io.OutputStream::<init> (5 bytes)
Event: 1.916 Thread 0x000002d829f3dc20 nmethod 3907 0x000002d811566b90 code [0x000002d811566d20, 0x000002d811566e78]

GC Heap History (4 events):
Event: 0.363 GC heap before
{Heap before GC invocations=0 (full 0):
 garbage-first heap   total 194560K, used 20480K [0x0000000742000000, 0x0000000800000000)
  region size 2048K, 10 young (20480K), 0 survivors (0K)
 Metaspace       used 5447K, committed 5696K, reserved 1114112K
  class space    used 650K, committed 768K, reserved 1048576K
}
Event: 0.366 GC heap after
{Heap after GC invocations=1 (full 0):
 garbage-first heap   total 194560K, used 3821K [0x0000000742000000, 0x0000000800000000)
  region size 2048K, 2 young (4096K), 2 survivors (4096K)
 Metaspace       used 5447K, committed 5696K, reserved 1114112K
  class space    used 650K, committed 768K, reserved 1048576K
}
Event: 0.621 GC heap before
{Heap before GC invocations=1 (full 0):
 garbage-first heap   total 194560K, used 28397K [0x0000000742000000, 0x0000000800000000)
  region size 2048K, 14 young (28672K), 2 survivors (4096K)
 Metaspace       used 8305K, committed 8512K, reserved 1114112K
  class space    used 996K, committed 1088K, reserved 1048576K
}
Event: 0.623 GC heap after
{Heap after GC invocations=2 (full 0):
 garbage-first heap   total 194560K, used 4760K [0x0000000742000000, 0x0000000800000000)
  region size 2048K, 1 young (2048K), 1 survivors (2048K)
 Metaspace       used 8305K, committed 8512K, reserved 1114112K
  class space    used 996K, committed 1088K, reserved 1048576K
}

Deoptimization events (20 events):
Event: 1.709 Thread 0x000002d807ce4d30 DEOPT PACKING pc=0x000002d8188871cc sp=0x000000ed869fd8f0
Event: 1.709 Thread 0x000002d807ce4d30 DEOPT UNPACKING pc=0x000002d8183323a3 sp=0x000000ed869fd8a0 mode 2
Event: 1.716 Thread 0x000002d807ce4d30 Uncommon trap: trap_request=0xffffffde fr.pc=0x000002d8188beab0 relative=0x0000000000001090
Event: 1.716 Thread 0x000002d807ce4d30 Uncommon trap: reason=class_check action=maybe_recompile pc=0x000002d8188beab0 method=java.util.concurrent.ConcurrentHashMap.putVal(Ljava/lang/Object;Ljava/lang/Object;Z)Ljava/lang/Object; @ 242 c2
Event: 1.716 Thread 0x000002d807ce4d30 DEOPT PACKING pc=0x000002d8188beab0 sp=0x000000ed869fcf80
Event: 1.716 Thread 0x000002d807ce4d30 DEOPT UNPACKING pc=0x000002d8183323a3 sp=0x000000ed869fcef0 mode 2
Event: 1.717 Thread 0x000002d807ce4d30 Uncommon trap: trap_request=0xffffffde fr.pc=0x000002d8188beab0 relative=0x0000000000001090
Event: 1.717 Thread 0x000002d807ce4d30 Uncommon trap: reason=class_check action=maybe_recompile pc=0x000002d8188beab0 method=java.util.concurrent.ConcurrentHashMap.putVal(Ljava/lang/Object;Ljava/lang/Object;Z)Ljava/lang/Object; @ 242 c2
Event: 1.717 Thread 0x000002d807ce4d30 DEOPT PACKING pc=0x000002d8188beab0 sp=0x000000ed869fcbe0
Event: 1.717 Thread 0x000002d807ce4d30 DEOPT UNPACKING pc=0x000002d8183323a3 sp=0x000000ed869fcb50 mode 2
Event: 1.771 Thread 0x000002d807ce4d30 Uncommon trap: trap_request=0xffffff45 fr.pc=0x000002d8188c3044 relative=0x0000000000000684
Event: 1.771 Thread 0x000002d807ce4d30 Uncommon trap: reason=unstable_if action=reinterpret pc=0x000002d8188c3044 method=java.lang.AbstractStringBuilder.append(Ljava/lang/String;)Ljava/lang/AbstractStringBuilder; @ 1 c2
Event: 1.771 Thread 0x000002d807ce4d30 DEOPT PACKING pc=0x000002d8188c3044 sp=0x000000ed869fbd90
Event: 1.771 Thread 0x000002d807ce4d30 DEOPT UNPACKING pc=0x000002d8183323a3 sp=0x000000ed869fbd10 mode 2
Event: 1.822 Thread 0x000002d807ce4d30 DEOPT PACKING pc=0x000002d8112cb042 sp=0x000000ed869fc120
Event: 1.822 Thread 0x000002d807ce4d30 DEOPT UNPACKING pc=0x000002d818332b43 sp=0x000000ed869fb658 mode 0
Event: 1.844 Thread 0x000002d807ce4d30 Uncommon trap: trap_request=0xffffff45 fr.pc=0x000002d818a48990 relative=0x00000000000014d0
Event: 1.844 Thread 0x000002d807ce4d30 Uncommon trap: reason=unstable_if action=reinterpret pc=0x000002d818a48990 method=java.lang.String.<init>([BIILjava/nio/charset/Charset;)V @ 144 c2
Event: 1.844 Thread 0x000002d807ce4d30 DEOPT PACKING pc=0x000002d818a48990 sp=0x000000ed869fc180
Event: 1.844 Thread 0x000002d807ce4d30 DEOPT UNPACKING pc=0x000002d8183323a3 sp=0x000000ed869fc158 mode 2

Classes unloaded (0 events):
No events

Classes redefined (0 events):
No events

Internal exceptions (20 events):
Event: 0.288 Thread 0x000002d807ce4d30 Exception <a 'java/lang/NoSuchMethodError'{0x000000074ce8e768}: 'int java.lang.invoke.DirectMethodHandle$Holder.invokeSpecialIFC(java.lang.Object, java.lang.Object, java.lang.Object, java.lang.Object, java.lang.Object)'> (0x000000074ce8e768) 
thrown [s\open\src\hotspot\share\interpreter\linkResolver.cpp, line 759]
Event: 0.317 Thread 0x000002d807ce4d30 Exception <a 'java/lang/NoSuchMethodError'{0x000000074cc23fe8}: 'java.lang.Object java.lang.invoke.DirectMethodHandle$Holder.newInvokeSpecial(java.lang.Object, java.lang.Object, java.lang.Object, java.lang.Object, java.lang.Object)'> (0x000000074cc23fe8) 
thrown [s\open\src\hotspot\share\interpreter\linkResolver.cpp, line 759]
Event: 0.334 Thread 0x000002d807ce4d30 Exception <a 'java/lang/NoSuchMethodError'{0x000000074cd21cd8}: 'int java.lang.invoke.DirectMethodHandle$Holder.invokeStaticInit(java.lang.Object, java.lang.Object)'> (0x000000074cd21cd8) 
thrown [s\open\src\hotspot\share\interpreter\linkResolver.cpp, line 759]
Event: 0.338 Thread 0x000002d807ce4d30 Exception <a 'java/lang/NoClassDefFoundError'{0x000000074cd59548}: javax/enterprise/inject/Typed> (0x000000074cd59548) 
thrown [s\open\src\hotspot\share\classfile\systemDictionary.cpp, line 245]
Event: 0.755 Thread 0x000002d807ce4d30 Exception <a 'java/lang/NoSuchMethodError'{0x000000074d2de908}: 'void java.lang.invoke.DirectMethodHandle$Holder.invokeStaticInit(java.lang.Object, java.lang.Object, java.lang.Object)'> (0x000000074d2de908) 
thrown [s\open\src\hotspot\share\interpreter\linkResolver.cpp, line 759]
Event: 0.757 Thread 0x000002d807ce4d30 Exception <a 'java/lang/ExceptionInInitializerError'{0x000000074d309650}> (0x000000074d309650) 
thrown [s\open\src\hotspot\share\oops\instanceKlass.cpp, line 1216]
Event: 0.773 Thread 0x000002d807ce4d30 Implicit null exception at 0x000002d8188f702f to 0x000002d8188f7194
Event: 0.774 Thread 0x000002d807ce4d30 Exception <a 'java/lang/NoSuchMethodError'{0x000000074d014490}: 'java.lang.Object java.lang.invoke.Invokers$Holder.invokeExact_MT(java.lang.Object, int, java.lang.Object)'> (0x000000074d014490) 
thrown [s\open\src\hotspot\share\interpreter\linkResolver.cpp, line 759]
Event: 0.779 Thread 0x000002d807ce4d30 Exception <a 'java/lang/NoSuchMethodError'{0x000000074d074568}: 'void java.lang.invoke.DirectMethodHandle$Holder.invokeStatic(java.lang.Object, java.lang.Object)'> (0x000000074d074568) 
thrown [s\open\src\hotspot\share\interpreter\linkResolver.cpp, line 759]
Event: 0.781 Thread 0x000002d807ce4d30 Exception <a 'java/lang/NoSuchMethodError'{0x000000074d083ef8}: 'int java.lang.invoke.DirectMethodHandle$Holder.invokeSpecial(java.lang.Object, java.lang.Object, java.lang.Object, java.lang.Object)'> (0x000000074d083ef8) 
thrown [s\open\src\hotspot\share\interpreter\linkResolver.cpp, line 759]
Event: 0.909 Thread 0x000002d807ce4d30 Exception <a 'java/lang/NoClassDefFoundError'{0x000000074c87ebe8}: com/google/inject/servlet/ServletModuleTargetVisitor> (0x000000074c87ebe8) 
thrown [s\open\src\hotspot\share\classfile\systemDictionary.cpp, line 245]
Event: 0.937 Thread 0x000002d807ce4d30 Exception <a 'java/lang/NoSuchMethodError'{0x000000074c60d588}: 'void java.lang.invoke.DirectMethodHandle$Holder.invokeVirtual(java.lang.Object, java.lang.Object)'> (0x000000074c60d588) 
thrown [s\open\src\hotspot\share\interpreter\linkResolver.cpp, line 759]
Event: 0.949 Thread 0x000002d807ce4d30 Exception <a 'java/lang/NoSuchMethodError'{0x000000074c684c80}: 'java.lang.Object java.lang.invoke.DirectMethodHandle$Holder.invokeStaticInit(java.lang.Object, int, int, int, int)'> (0x000000074c684c80) 
thrown [s\open\src\hotspot\share\interpreter\linkResolver.cpp, line 759]
Event: 1.250 Thread 0x000002d807ce4d30 Implicit null exception at 0x000002d818928fef to 0x000002d8189291e8
Event: 1.256 Thread 0x000002d807ce4d30 Exception <a 'java/lang/NoSuchMethodError'{0x000000074b39cd98}: 'java.lang.Object java.lang.invoke.DirectMethodHandle$Holder.newInvokeSpecial(java.lang.Object, java.lang.Object, java.lang.Object, java.lang.Object, java.lang.Object, java.lang.Object, java.lang.Object)'> (0x000000074b39cd98) 
thrown [s\open\src\hotspot\share\interpreter\linkResolver.cpp, line 759]
Event: 1.256 Thread 0x000002d807ce4d30 Exception <a 'java/lang/NoSuchMethodError'{0x000000074b3a16a8}: 'java.lang.Object java.lang.invoke.Invokers$Holder.linkToTargetMethod(java.lang.Object, java.lang.Object, java.lang.Object, java.lang.Object, java.lang.Object, java.lang.Object, java.lang.Object)'> (0x000000074b3a16a8) 
thrown [s\open\src\hotspot\share\interpreter\linkResolver.cpp, line 759]
Event: 1.420 Thread 0x000002d807ce4d30 Exception <a 'java/lang/NoSuchMethodError'{0x000000074a920b08}: 'java.lang.Object java.lang.invoke.DirectMethodHandle$Holder.invokeVirtual(java.lang.Object, java.lang.Object, java.lang.Object)'> (0x000000074a920b08) 
thrown [s\open\src\hotspot\share\interpreter\linkResolver.cpp, line 759]
Event: 1.421 Thread 0x000002d807ce4d30 Exception <a 'java/lang/NoSuchMethodError'{0x000000074a928070}: 'void java.lang.invoke.DirectMethodHandle$Holder.invokeSpecial(java.lang.Object, java.lang.Object, java.lang.Object, java.lang.Object, java.lang.Object, java.lang.Object)'> (0x000000074a928070) 
thrown [s\open\src\hotspot\share\interpreter\linkResolver.cpp, line 759]
Event: 1.422 Thread 0x000002d807ce4d30 Exception <a 'java/lang/NoSuchMethodError'{0x000000074a9335c8}: 'int java.lang.invoke.DirectMethodHandle$Holder.invokeVirtual(java.lang.Object, java.lang.Object)'> (0x000000074a9335c8) 
thrown [s\open\src\hotspot\share\interpreter\linkResolver.cpp, line 759]
Event: 1.771 Thread 0x000002d807ce4d30 Implicit null exception at 0x000002d8188c29f2 to 0x000002d8188c302c

VM Operations (20 events):
Event: 0.897 Executing VM operation: HandshakeAllThreads
Event: 0.897 Executing VM operation: HandshakeAllThreads done
Event: 0.942 Executing VM operation: HandshakeAllThreads
Event: 0.942 Executing VM operation: HandshakeAllThreads done
Event: 0.956 Executing VM operation: HandshakeAllThreads
Event: 0.956 Executing VM operation: HandshakeAllThreads done
Event: 0.995 Executing VM operation: HandshakeAllThreads
Event: 0.995 Executing VM operation: HandshakeAllThreads done
Event: 0.996 Executing VM operation: HandshakeAllThreads
Event: 0.996 Executing VM operation: HandshakeAllThreads done
Event: 0.996 Executing VM operation: ICBufferFull
Event: 0.997 Executing VM operation: ICBufferFull done
Event: 1.237 Executing VM operation: ICBufferFull
Event: 1.237 Executing VM operation: ICBufferFull done
Event: 1.547 Executing VM operation: ICBufferFull
Event: 1.548 Executing VM operation: ICBufferFull done
Event: 1.566 Executing VM operation: HandshakeAllThreads
Event: 1.567 Executing VM operation: HandshakeAllThreads done
Event: 1.750 Executing VM operation: ICBufferFull
Event: 1.750 Executing VM operation: ICBufferFull done

Events (20 events):
Event: 1.444 loading class java/nio/file/DirectoryStream
Event: 1.445 loading class java/nio/file/DirectoryStream done
Event: 1.445 loading class java/nio/file/DirectoryStream$Filter
Event: 1.445 loading class java/nio/file/DirectoryStream$Filter done
Event: 1.445 loading class java/nio/file/FileStore
Event: 1.445 loading class java/nio/file/FileStore done
Event: 1.445 loading class java/nio/file/FileVisitor
Event: 1.445 loading class java/nio/file/FileVisitor done
Event: 1.445 loading class java/io/FileFilter
Event: 1.445 loading class java/io/FileFilter done
Event: 1.445 loading class java/nio/file/WatchService
Event: 1.446 loading class java/nio/file/WatchService done
Event: 1.446 loading class java/nio/file/WatchEvent$Kind
Event: 1.446 loading class java/nio/file/WatchEvent$Kind done
Event: 1.446 loading class java/nio/file/WatchKey
Event: 1.446 loading class java/nio/file/WatchKey done
Event: 1.446 loading class java/nio/file/WatchEvent$Modifier
Event: 1.446 loading class java/nio/file/WatchEvent$Modifier done
Event: 1.487 loading class java/util/Collections$UnmodifiableList$1
Event: 1.487 loading class java/util/Collections$UnmodifiableList$1 done


Dynamic libraries:
0x00007ff754b20000 - 0x00007ff754b30000 	C:\Program Files\Java\jdk-17\bin\java.exe
0x00007ffdb3dd0000 - 0x00007ffdb3fc8000 	C:\Windows\SYSTEM32\ntdll.dll
0x00007ffdb1e90000 - 0x00007ffdb1f4d000 	C:\Windows\System32\KERNEL32.DLL
0x00007ffdb16a0000 - 0x00007ffdb1996000 	C:\Windows\System32\KERNELBASE.dll
0x00007ffdb1a30000 - 0x00007ffdb1b30000 	C:\Windows\System32\ucrtbase.dll
0x00007ffda8ac0000 - 0x00007ffda8adb000 	C:\Program Files\Java\jdk-17\bin\VCRUNTIME140.dll
0x00007ffda91f0000 - 0x00007ffda9209000 	C:\Program Files\Java\jdk-17\bin\jli.dll
0x00007ffdb2060000 - 0x00007ffdb210e000 	C:\Windows\System32\ADVAPI32.dll
0x00007ffdb1fc0000 - 0x00007ffdb205e000 	C:\Windows\System32\msvcrt.dll
0x00007ffdb3440000 - 0x00007ffdb34dc000 	C:\Windows\System32\sechost.dll
0x00007ffdb3050000 - 0x00007ffdb3176000 	C:\Windows\System32\RPCRT4.dll
0x00007ffdb3940000 - 0x00007ffdb3ade000 	C:\Windows\System32\USER32.dll
0x00007ffdb1db0000 - 0x00007ffdb1dd2000 	C:\Windows\System32\win32u.dll
0x00007ffd9cdd0000 - 0x00007ffd9d06a000 	C:\Windows\WinSxS\amd64_microsoft.windows.common-controls_6595b64144ccf1df_6.0.19041.1110_none_60b5254171f9507e\COMCTL32.dll
0x00007ffdb1f50000 - 0x00007ffdb1f7c000 	C:\Windows\System32\GDI32.dll
0x00007ffdb1580000 - 0x00007ffdb169a000 	C:\Windows\System32\gdi32full.dll
0x00007ffdb14e0000 - 0x00007ffdb157d000 	C:\Windows\System32\msvcp_win.dll
0x00007ffda4350000 - 0x00007ffda435a000 	C:\Windows\SYSTEM32\VERSION.dll
0x00007ffdb1f90000 - 0x00007ffdb1fc0000 	C:\Windows\System32\IMM32.DLL
0x00007ffda91c0000 - 0x00007ffda91cc000 	C:\Program Files\Java\jdk-17\bin\vcruntime140_1.dll
0x00007ffd9b990000 - 0x00007ffd9ba1e000 	C:\Program Files\Java\jdk-17\bin\msvcp140.dll
0x00007ffd496e0000 - 0x00007ffd4a2c1000 	C:\Program Files\Java\jdk-17\bin\server\jvm.dll
0x00007ffdb1f80000 - 0x00007ffdb1f88000 	C:\Windows\System32\PSAPI.DLL
0x00007ffda5490000 - 0x00007ffda5499000 	C:\Windows\SYSTEM32\WSOCK32.dll
0x00007ffd969e0000 - 0x00007ffd96a07000 	C:\Windows\SYSTEM32\WINMM.dll
0x00007ffdb34e0000 - 0x00007ffdb354b000 	C:\Windows\System32\WS2_32.dll
0x00007ffdaf290000 - 0x00007ffdaf2a2000 	C:\Windows\SYSTEM32\kernel.appcore.dll
0x00007ffda8b50000 - 0x00007ffda8b5a000 	C:\Program Files\Java\jdk-17\bin\jimage.dll
0x00007ffdaa850000 - 0x00007ffdaaa34000 	C:\Windows\SYSTEM32\DBGHELP.DLL
0x00007ffdaad40000 - 0x00007ffdaad74000 	C:\Windows\SYSTEM32\dbgcore.DLL
0x00007ffdb19a0000 - 0x00007ffdb1a22000 	C:\Windows\System32\bcryptPrimitives.dll
0x00007ffda51a0000 - 0x00007ffda51c5000 	C:\Program Files\Java\jdk-17\bin\java.dll
0x00007ffd957b0000 - 0x00007ffd95887000 	C:\Program Files\Java\jdk-17\bin\jsvml.dll
0x00007ffdb22d0000 - 0x00007ffdb2a14000 	C:\Windows\System32\SHELL32.dll
0x00007ffdaf570000 - 0x00007ffdafd0b000 	C:\Windows\SYSTEM32\windows.storage.dll
0x00007ffdb35e0000 - 0x00007ffdb3934000 	C:\Windows\System32\combase.dll
0x00007ffdb0e20000 - 0x00007ffdb0e4d000 	C:\Windows\SYSTEM32\Wldp.dll
0x00007ffdb3bc0000 - 0x00007ffdb3c6d000 	C:\Windows\System32\SHCORE.dll
0x00007ffdb2260000 - 0x00007ffdb22b5000 	C:\Windows\System32\shlwapi.dll
0x00007ffdb13e0000 - 0x00007ffdb1405000 	C:\Windows\SYSTEM32\profapi.dll
0x00007ffda5180000 - 0x00007ffda5199000 	C:\Program Files\Java\jdk-17\bin\net.dll
0x00007ffdacb40000 - 0x00007ffdacc4a000 	C:\Windows\SYSTEM32\WINHTTP.dll
0x00007ffdb0b80000 - 0x00007ffdb0bea000 	C:\Windows\system32\mswsock.dll
0x00007ffda2f60000 - 0x00007ffda2f76000 	C:\Program Files\Java\jdk-17\bin\nio.dll
0x00007ffda2f40000 - 0x00007ffda2f58000 	C:\Program Files\Java\jdk-17\bin\zip.dll
0x0000000069ac0000 - 0x0000000069ae4000 	C:\workspace\apache-maven-3.9.6\lib\jansi-native\Windows\x86_64\jansi.dll
0x00007ffda4890000 - 0x00007ffda48a0000 	C:\Program Files\Java\jdk-17\bin\verify.dll

dbghelp: loaded successfully - version: 4.0.5 - missing functions: none
symbol engine: initialized successfully - sym options: 0x614 - pdb path: .;C:\Program Files\Java\jdk-17\bin;C:\Windows\SYSTEM32;C:\Windows\WinSxS\amd64_microsoft.windows.common-controls_6595b64144ccf1df_6.0.19041.1110_none_60b5254171f9507e;C:\Program Files\Java\jdk-17\bin\server;C:\workspace\apache-maven-3.9.6\lib\jansi-native\Windows\x86_64

VM Arguments:
jvm_args: -Dclassworlds.conf=C:/workspace/apache-maven-3.9.6/bin/m2.conf -Dmaven.home=C:/workspace/apache-maven-3.9.6 -Dlibrary.jansi.path=C:/workspace/apache-maven-3.9.6/lib/jansi-native -Dmaven.multiModuleProjectDirectory=C:/Users/Usuario/OneDrive/Escritorio/Septimo Semestre/CVDS/Patterns 
java_command: org.codehaus.plexus.classworlds.launcher.Launcher clean install
java_class_path (initial): C:/workspace/apache-maven-3.9.6/boot/plexus-classworlds-2.7.0.jar
Launcher Type: SUN_STANDARD

[Global flags]
     intx CICompilerCount                          = 3                                         {product} {ergonomic}
     uint ConcGCThreads                            = 2                                         {product} {ergonomic}
     uint G1ConcRefinementThreads                  = 6                                         {product} {ergonomic}
   size_t G1HeapRegionSize                         = 2097152                                   {product} {ergonomic}
    uintx GCDrainStackTargetSize                   = 64                                        {product} {ergonomic}
   size_t InitialHeapSize                          = 199229440                                 {product} {ergonomic}
   size_t MarkStackSize                            = 4194304                                   {product} {ergonomic}
   size_t MaxHeapSize                              = 3187671040                                {product} {ergonomic}
   size_t MaxNewSize                               = 1912602624                                {product} {ergonomic}
   size_t MinHeapDeltaBytes                        = 2097152                                   {product} {ergonomic}
   size_t MinHeapSize                              = 8388608                                   {product} {ergonomic}
    uintx NonNMethodCodeHeapSize                   = 5832780                                {pd product} {ergonomic}
    uintx NonProfiledCodeHeapSize                  = 122912730                              {pd product} {ergonomic}
    uintx ProfiledCodeHeapSize                     = 122912730                              {pd product} {ergonomic}
    uintx ReservedCodeCacheSize                    = 251658240                              {pd product} {ergonomic}
     bool SegmentedCodeCache                       = true                                      {product} {ergonomic}
   size_t SoftMaxHeapSize                          = 3187671040                             {manageable} {ergonomic}
     bool UseCompressedClassPointers               = true                           {product lp64_product} {ergonomic}
     bool UseCompressedOops                        = true                           {product lp64_product} {ergonomic}
     bool UseG1GC                                  = true                                      {product} {ergonomic}
     bool UseLargePagesIndividualAllocation        = false                                  {pd product} {ergonomic}

Logging:
Log output configuration:
 #0: stdout all=warning uptime,level,tags
 #1: stderr all=off uptime,level,tags

Environment Variables:
PATH=C:\Users\Usuario\bin;C:\Program Files\Git\mingw64\bin;C:\Program Files\Git\usr\local\bin;C:\Program Files\Git\usr\bin;C:\Program Files\Git\usr\bin;C:\Program Files\Git\mingw64\bin;C:\Program Files\Git\usr\bin;C:\Users\Usuario\bin;C:\Program Files (x86)\VMware\VMware Player\bin;C:\Program Files\Common Files\Oracle\Java\javapath;C:\Windows\system32;C:\Windows;C:\Windows\System32\Wbem;C:\Windows\System32\WindowsPowerShell\v1.0;C:\Windows\System32\OpenSSH;C:\Program Files\PuTTY;C:\msys64\ucrt64\bin;C:\workspace\apache-maven-3.9.6\bin;C:\Program Files\Git\cmd;C:\Users\Usuario\AppData\Local\Microsoft\WindowsApps;C:\Users\Usuario\AppData\Local\Programs\Microsoft VS Code\bin;C:\Program Files\Git\usr\bin\vendor_perl;C:\Program Files\Git\usr\bin\core_perl
USERNAME=Usuario
SHELL=C:\Program Files\Git\usr\bin\bash.exe
DISPLAY=needs-to-be-defined
LC_CTYPE=es_MX.UTF-8
OS=Windows_NT
PROCESSOR_IDENTIFIER=Intel64 Family 6 Model 158 Stepping 13, GenuineIntel



---------------  S Y S T E M  ---------------

OS:
 Windows 10 , 64 bit Build 19041 (10.0.19041.3393)
OS uptime: 2 days 0:50 hours

CPU: total 6 (initial active 6) (6 cores per cpu, 1 threads per core) family 6 model 158 stepping 13 microcode 0xbe, cx8, cmov, fxsr, mmx, 3dnowpref, sse, sse2, sse3, ssse3, sse4.1, sse4.2, popcnt, lzcnt, tsc, tscinvbit, avx, avx2, aes, erms, clmul, bmi1, bmi2, adx, fma, vzeroupper, clflush, clflushopt

Memory: 4k page, system-wide physical 12158M (5105M free)
TotalPageFile size 24446M (AvailPageFile size 15412M)
current process WorkingSet (physical memory assigned to process): 176M, peak: 176M
current process commit charge ("private bytes"): 317M, peak: 319M

vm_info: Java HotSpot(TM) 64-Bit Server VM (17.0.9+11-LTS-201) for windows-amd64 JRE (17.0.9+11-LTS-201), built on Oct 10 2023 23:16:06 by "mach5one" with MS VC++ 17.1 (VS2022)

END.
